[0531/183432:ERROR:renderer_main.cc(207)] Running without renderer sandbox
[0531/183432:ERROR:cache_util_win.cc(20)] Unable to move the cache: 5
[0531/183432:ERROR:cache_util.cc(132)] Unable to move cache folder C:\Users\PC\AppData\Local\Temp\GPUCache to C:\Users\PC\AppData\Local\Temp\old_GPUCache_000
[0531/183432:ERROR:cache_creator.cc(132)] Unable to create cache
[0531/183432:ERROR:shader_disk_cache.cc(588)] Shader Cache Creation failed: -2
[0531/185704:WARNING:message_in_transit_queue.cc(18)] Destroying nonempty message queue
[0531/185826:ERROR:renderer_main.cc(207)] Running without renderer sandbox
[0531/185826:ERROR:cache_util_win.cc(20)] Unable to move the cache: 5
[0531/185826:ERROR:cache_util.cc(132)] Unable to move cache folder C:\Users\PC\AppData\Local\Temp\GPUCache to C:\Users\PC\AppData\Local\Temp\old_GPUCache_000
[0531/185826:ERROR:cache_creator.cc(132)] Unable to create cache
[0531/185826:ERROR:shader_disk_cache.cc(588)] Shader Cache Creation failed: -2
[0531/222123:WARNING:message_in_transit_queue.cc(18)] Destroying nonempty message queue
[0604/222947:ERROR:renderer_main.cc(207)] Running without renderer sandbox
[0604/223223:WARNING:message_in_transit_queue.cc(18)] Destroying nonempty message queue
[0604/223234:ERROR:renderer_main.cc(207)] Running without renderer sandbox
[0604/225332:ERROR:renderer_main.cc(207)] Running without renderer sandbox
[0604/225519:WARNING:message_in_transit_queue.cc(18)] Destroying nonempty message queue
[0605/001239:ERROR:renderer_main.cc(207)] Running without renderer sandbox
[0605/004702:ERROR:renderer_main.cc(207)] Running without renderer sandbox
[0605/004752:WARNING:message_in_transit_queue.cc(18)] Destroying nonempty message queue
[0605/015412:ERROR:renderer_main.cc(207)] Running without renderer sandbox
[0605/015523:WARNING:message_in_transit_queue.cc(18)] Destroying nonempty message queue
[0605/022900:ERROR:renderer_main.cc(207)] Running without renderer sandbox
[0605/032611:WARNING:message_in_transit_queue.cc(18)] Destroying nonempty message queue
[0606/152046:ERROR:renderer_main.cc(207)] Running without renderer sandbox
[0606/152521:WARNING:message_in_transit_queue.cc(18)] Destroying nonempty message queue
[0606/152641:ERROR:renderer_main.cc(207)] Running without renderer sandbox
[0606/152658:WARNING:message_in_transit_queue.cc(18)] Destroying nonempty message queue
[0609/210704:ERROR:renderer_main.cc(207)] Running without renderer sandbox
[0609/212936:WARNING:dns_config_service_win.cc(654)] Failed to read DnsConfig.
[0609/213647:WARNING:dns_config_service_win.cc(654)] Failed to read DnsConfig.
[0609/223102:WARNING:dns_config_service_win.cc(654)] Failed to read DnsConfig.
[0609/231847:WARNING:message_in_transit_queue.cc(18)] Destroying nonempty message queue
